Reading netlist file: "C:\Users\Gebruiker\Documents\Mij werks\FPGA\fpga-zx-spectrum\zx_spectrum_v1\impl\gwsynthesis\zx_spectrum_v1.vg"
Parsing netlist file "C:\Users\Gebruiker\Documents\Mij werks\FPGA\fpga-zx-spectrum\zx_spectrum_v1\impl\gwsynthesis\zx_spectrum_v1.vg" completed
Processing netlist completed
Reading constraint file: "C:\Users\Gebruiker\Documents\Mij werks\FPGA\fpga-zx-spectrum\zx_spectrum_v1\video\zx_io_spectrum.cst"
Physical Constraint parsed completed
Running placement......
[10%] Placement Phase 0 completed
[20%] Placement Phase 1 completed
[30%] Placement Phase 2 completed
WARN  (TA1132) :  'my_hdmi/clk_25/clkdiv_inst/CLKOUT.default_gen_clk' was determined to be a clock but was not created.
WARN  (TA1117) : Can't calculate clocks' relationship between: "osc/osc_inst/OSCOUT.default_clk" and "my_hdmi/clk_25/clkdiv_inst/CLKOUT.default_gen_clk"
WARN  (TA1117) : Can't calculate clocks' relationship between: "clk" and "osc/osc_inst/OSCOUT.default_clk"
[50%] Placement Phase 3 completed
Running routing......
[60%] Routing Phase 0 completed
[70%] Routing Phase 1 completed
[80%] Routing Phase 2 completed
[90%] Routing Phase 3 completed
Running timing analysis......
[95%] Timing analysis completed
Placement and routing completed
Bitstream generation in progress......
Bitstream generation completed
Running power analysis......
[100%] Power analysis completed
Generate file "C:\Users\Gebruiker\Documents\Mij werks\FPGA\fpga-zx-spectrum\zx_spectrum_v1\impl\pnr\zx_spectrum_v1.power.html" completed
Generate file "C:\Users\Gebruiker\Documents\Mij werks\FPGA\fpga-zx-spectrum\zx_spectrum_v1\impl\pnr\zx_spectrum_v1.pin.html" completed
Generate file "C:\Users\Gebruiker\Documents\Mij werks\FPGA\fpga-zx-spectrum\zx_spectrum_v1\impl\pnr\zx_spectrum_v1.rpt.html" completed
Generate file "C:\Users\Gebruiker\Documents\Mij werks\FPGA\fpga-zx-spectrum\zx_spectrum_v1\impl\pnr\zx_spectrum_v1.rpt.txt" completed
Generate file "C:\Users\Gebruiker\Documents\Mij werks\FPGA\fpga-zx-spectrum\zx_spectrum_v1\impl\pnr\zx_spectrum_v1.tr.html" completed
Fri Oct 17 23:16:54 2025

